<?xml version="1.0" encoding="UTF-8"?>
<!-- Generated by org.testng.reporters.JUnitXMLReporter -->
<testsuite ignored="0" hostname="DESKTOP-KDJK59C" failures="0" tests="3" name="Personal loan" time="0.06" errors="0" timestamp="2025-09-22T02:16:38 WIB">
  <testcase classname="TestNg.FirstSection" name="Demo" time="0.009"/>
  <testcase classname="TestNg.FirstSection" name="SecondDemo" time="0.001"/>
  <testcase classname="TestNg.SecondSection" name="test" time="0.001"/>
</testsuite> <!-- Personal loan -->
