<?xml version="1.0" encoding="UTF-8"?>
<!-- Generated by org.testng.reporters.JUnitXMLReporter -->
<testsuite ignored="1" hostname="DESKTOP-KDJK59C" failures="0" tests="4" name="Car Loan" time="0.021" errors="0" timestamp="2025-10-04T00:04:27 WIB">
  <testcase classname="TestNg.ThirdSection" name="MobileLoginCarLoan" time="0.002"/>
  <testcase classname="TestNg.ThirdSection" name="MobilesigninCarLoan" time="0.003"/>
  <testcase classname="TestNg.ThirdSection" name="MobilesignoutCarLoan" time="0.002"/>
  <testcase classname="TestNg.ThirdSection" name="WebloginCarLoan" time="0.001"/>
  <testcase classname="TestNg.ThirdSection" name="APIcarLoan" time="0.0">
    <ignored/>
  </testcase> <!-- APIcarLoan -->
</testsuite> <!-- Car Loan -->
