<?xml version="1.0" encoding="UTF-8"?>
<!-- Generated by org.testng.reporters.JUnitXMLReporter -->
<testsuite ignored="0" hostname="DESKTOP-KDJK59C" failures="0" tests="11" name="Personal loan" time="0.204" errors="0" timestamp="2025-10-04T00:05:34 WIB">
  <testcase classname="TestNg.FirstSection" name="Demo" time="0.039"/>
  <testcase classname="TestNg.FirstSection" name="SecondDemo" time="0.003"/>
  <testcase classname="TestNg.FourthSection" name="LoginAPIhomeLoan" time="0.002"/>
  <testcase classname="TestNg.FourthSection" name="MobileLoginHomeLoan" time="0.001"/>
  <testcase classname="TestNg.FourthSection" name="WebloginHomeLoan" time="0.002"/>
  <testcase classname="TestNg.SecondSection" name="test" time="0.003"/>
  <testcase classname="TestNg.ThirdSection" name="APIcarLoan" time="0.002"/>
  <testcase classname="TestNg.ThirdSection" name="MobileLoginCarLoan" time="0.002"/>
  <testcase classname="TestNg.ThirdSection" name="MobilesigninCarLoan" time="0.003"/>
  <testcase classname="TestNg.ThirdSection" name="MobilesignoutCarLoan" time="0.003"/>
  <testcase classname="TestNg.ThirdSection" name="WebloginCarLoan" time="0.003"/>
</testsuite> <!-- Personal loan -->
