<?xml version="1.0" encoding="UTF-8"?>
<testng-results ignored="0" total="3" passed="3" failed="0" skipped="0">
  <reporter-output>
  </reporter-output>
  <suite started-at="2025-09-22T02:18:00 WIB" name=":oan Department" finished-at="2025-09-22T02:18:00 WIB" duration-ms="70">
    <groups>
    </groups>
    <test started-at="2025-09-22T02:18:00 WIB" name="Personal loan" finished-at="2025-09-22T02:18:00 WIB" duration-ms="70">
      <class name="TestNg.SecondSection">
        <test-method signature="test()[pri:0, instance:TestNg.SecondSection@55141def]" started-at="2025-09-22T02:18:00 WIB" name="test" finished-at="2025-09-22T02:18:00 WIB" duration-ms="1" status="PASS">
          <reporter-output>
          </reporter-output>
        </test-method> <!-- test -->
      </class> <!-- TestNg.SecondSection -->
      <class name="TestNg.FirstSection">
        <test-method signature="Demo()[pri:0, instance:TestNg.FirstSection@368f2016]" started-at="2025-09-22T02:18:00 WIB" name="Demo" finished-at="2025-09-22T02:18:00 WIB" duration-ms="12" status="PASS">
          <reporter-output>
          </reporter-output>
        </test-method> <!-- Demo -->
        <test-method signature="SecondDemo()[pri:0, instance:TestNg.FirstSection@368f2016]" started-at="2025-09-22T02:18:00 WIB" name="SecondDemo" finished-at="2025-09-22T02:18:00 WIB" duration-ms="4" status="PASS">
          <reporter-output>
          </reporter-output>
        </test-method> <!-- SecondDemo -->
      </class> <!-- TestNg.FirstSection -->
    </test> <!-- Personal loan -->
  </suite> <!-- :oan Department -->
</testng-results>
