<?xml version="1.0" encoding="UTF-8"?>
<testng-results ignored="0" total="11" passed="11" failed="0" skipped="0">
  <reporter-output>
  </reporter-output>
  <suite started-at="2025-10-04T00:05:33 WIB" name="Loan Department" finished-at="2025-10-04T00:05:34 WIB" duration-ms="204">
    <groups>
    </groups>
    <test started-at="2025-10-04T00:05:33 WIB" name="Personal loan" finished-at="2025-10-04T00:05:34 WIB" duration-ms="204">
      <class name="TestNg.FourthSection">
        <test-method signature="LoginAPIhomeLoan()[pri:0, instance:TestNg.FourthSection@6c6cb480]" started-at="2025-10-04T00:05:34 WIB" name="LoginAPIhomeLoan" finished-at="2025-10-04T00:05:34 WIB" duration-ms="2" status="PASS">
          <reporter-output>
          </reporter-output>
        </test-method> <!-- LoginAPIhomeLoan -->
        <test-method signature="MobileLoginHomeLoan()[pri:0, instance:TestNg.FourthSection@6c6cb480]" started-at="2025-10-04T00:05:34 WIB" name="MobileLoginHomeLoan" finished-at="2025-10-04T00:05:34 WIB" duration-ms="1" status="PASS">
          <reporter-output>
          </reporter-output>
        </test-method> <!-- MobileLoginHomeLoan -->
        <test-method signature="WebloginHomeLoan()[pri:0, instance:TestNg.FourthSection@6c6cb480]" started-at="2025-10-04T00:05:34 WIB" name="WebloginHomeLoan" finished-at="2025-10-04T00:05:34 WIB" duration-ms="2" status="PASS">
          <reporter-output>
          </reporter-output>
        </test-method> <!-- WebloginHomeLoan -->
      </class> <!-- TestNg.FourthSection -->
      <class name="TestNg.ThirdSection">
        <test-method signature="APIcarLoan()[pri:0, instance:TestNg.ThirdSection@c730b35]" started-at="2025-10-04T00:05:34 WIB" name="APIcarLoan" finished-at="2025-10-04T00:05:34 WIB" duration-ms="2" status="PASS">
          <reporter-output>
          </reporter-output>
        </test-method> <!-- APIcarLoan -->
        <test-method signature="MobileLoginCarLoan()[pri:0, instance:TestNg.ThirdSection@c730b35]" started-at="2025-10-04T00:05:34 WIB" name="MobileLoginCarLoan" finished-at="2025-10-04T00:05:34 WIB" duration-ms="2" status="PASS">
          <reporter-output>
          </reporter-output>
        </test-method> <!-- MobileLoginCarLoan -->
        <test-method signature="MobilesigninCarLoan()[pri:0, instance:TestNg.ThirdSection@c730b35]" started-at="2025-10-04T00:05:34 WIB" name="MobilesigninCarLoan" finished-at="2025-10-04T00:05:34 WIB" duration-ms="3" status="PASS">
          <reporter-output>
          </reporter-output>
        </test-method> <!-- MobilesigninCarLoan -->
        <test-method signature="MobilesignoutCarLoan()[pri:0, instance:TestNg.ThirdSection@c730b35]" started-at="2025-10-04T00:05:34 WIB" name="MobilesignoutCarLoan" finished-at="2025-10-04T00:05:34 WIB" duration-ms="3" status="PASS">
          <reporter-output>
          </reporter-output>
        </test-method> <!-- MobilesignoutCarLoan -->
        <test-method signature="WebloginCarLoan()[pri:0, instance:TestNg.ThirdSection@c730b35]" started-at="2025-10-04T00:05:34 WIB" name="WebloginCarLoan" finished-at="2025-10-04T00:05:34 WIB" duration-ms="3" status="PASS">
          <reporter-output>
          </reporter-output>
        </test-method> <!-- WebloginCarLoan -->
      </class> <!-- TestNg.ThirdSection -->
      <class name="TestNg.SecondSection">
        <test-method signature="test()[pri:0, instance:TestNg.SecondSection@3c46e67a]" started-at="2025-10-04T00:05:34 WIB" name="test" finished-at="2025-10-04T00:05:34 WIB" duration-ms="3" status="PASS">
          <reporter-output>
          </reporter-output>
        </test-method> <!-- test -->
      </class> <!-- TestNg.SecondSection -->
      <class name="TestNg.FirstSection">
        <test-method signature="Demo()[pri:0, instance:TestNg.FirstSection@5bf0d49]" started-at="2025-10-04T00:05:33 WIB" name="Demo" finished-at="2025-10-04T00:05:34 WIB" duration-ms="39" status="PASS">
          <reporter-output>
          </reporter-output>
        </test-method> <!-- Demo -->
        <test-method signature="SecondDemo()[pri:0, instance:TestNg.FirstSection@5bf0d49]" started-at="2025-10-04T00:05:34 WIB" name="SecondDemo" finished-at="2025-10-04T00:05:34 WIB" duration-ms="3" status="PASS">
          <reporter-output>
          </reporter-output>
        </test-method> <!-- SecondDemo -->
      </class> <!-- TestNg.FirstSection -->
    </test> <!-- Personal loan -->
  </suite> <!-- Loan Department -->
</testng-results>
